<?xml version="1.0" encoding="UTF-8"?>
<testng-results ignored="0" total="1" passed="1" failed="0" skipped="0">
  <reporter-output>
  </reporter-output>
  <suite started-at="2025-11-10T10:50:21 IST" name="LeadSuite" finished-at="2025-11-10T10:51:27 IST" duration-ms="65936">
    <groups>
    </groups>
    <test started-at="2025-11-10T10:50:21 IST" name="LeadTest" finished-at="2025-11-10T10:51:27 IST" duration-ms="65936">
      <class name="tests.CreateMultipleLeadsFromTheRosterTest">
        <test-method is-config="true" signature="setUp()[pri:0, instance:tests.CreateMultipleLeadsFromTheRosterTest@72dda8c6]" started-at="2025-11-10T10:50:21 IST" name="setUp" finished-at="2025-11-10T10:50:21 IST" duration-ms="371" status="PASS">
          <reporter-output>
          </reporter-output>
        </test-method> <!-- setUp -->
        <test-method signature="testCreateBulkLeads(org.testng.ITestContext)[pri:0, instance:tests.CreateMultipleLeadsFromTheRosterTest@72dda8c6]" started-at="2025-11-10T10:50:21 IST" name="testCreateBulkLeads" finished-at="2025-11-10T10:51:27 IST" duration-ms="65550" status="PASS">
          <params>
            <param index="0">
              <value>
                <![CDATA[org.testng.TestRunner@47ad5741]]>
              </value>
            </param>
          </params>
          <reporter-output>
          </reporter-output>
        </test-method> <!-- testCreateBulkLeads -->
        <test-method is-config="true" signature="afterClassTasks()[pri:0, instance:tests.CreateMultipleLeadsFromTheRosterTest@72dda8c6]" started-at="2025-11-10T10:51:27 IST" name="afterClassTasks" finished-at="2025-11-10T10:51:27 IST" duration-ms="2" status="PASS">
          <reporter-output>
          </reporter-output>
        </test-method> <!-- afterClassTasks -->
      </class> <!-- tests.CreateMultipleLeadsFromTheRosterTest -->
    </test> <!-- LeadTest -->
  </suite> <!-- LeadSuite -->
</testng-results>
