<?xml version="1.0" encoding="UTF-8"?>
<testng-results ignored="0" total="1" passed="1" failed="0" skipped="0">
  <reporter-output>
  </reporter-output>
  <suite started-at="2025-10-28T19:17:30 IST" name="LeadSuite" finished-at="2025-10-28T19:17:59 IST" duration-ms="29203">
    <groups>
    </groups>
    <test started-at="2025-10-28T19:17:30 IST" name="LeadTest" finished-at="2025-10-28T19:17:59 IST" duration-ms="29203">
      <class name="tests.CreateMultipleLeadsFromTheRosterTest">
        <test-method is-config="true" signature="setUp()[pri:0, instance:tests.CreateMultipleLeadsFromTheRosterTest@1fa4f74d]" started-at="2025-10-28T19:17:30 IST" name="setUp" finished-at="2025-10-28T19:17:31 IST" duration-ms="366" status="PASS">
          <reporter-output>
          </reporter-output>
        </test-method> <!-- setUp -->
        <test-method signature="testCreateBulkLeads(org.testng.ITestContext)[pri:0, instance:tests.CreateMultipleLeadsFromTheRosterTest@1fa4f74d]" started-at="2025-10-28T19:17:31 IST" name="testCreateBulkLeads" finished-at="2025-10-28T19:17:59 IST" duration-ms="28709" status="PASS">
          <params>
            <param index="0">
              <value>
                <![CDATA[org.testng.TestRunner@4d3c2b55]]>
              </value>
            </param>
          </params>
          <reporter-output>
          </reporter-output>
        </test-method> <!-- testCreateBulkLeads -->
        <test-method is-config="true" signature="afterClassTasks()[pri:0, instance:tests.CreateMultipleLeadsFromTheRosterTest@1fa4f74d]" started-at="2025-10-28T19:17:59 IST" name="afterClassTasks" finished-at="2025-10-28T19:17:59 IST" duration-ms="29" status="PASS">
          <reporter-output>
          </reporter-output>
        </test-method> <!-- afterClassTasks -->
      </class> <!-- tests.CreateMultipleLeadsFromTheRosterTest -->
    </test> <!-- LeadTest -->
  </suite> <!-- LeadSuite -->
</testng-results>
